2026-05-18 6:59:04 am +0000  Initial pipeline context: <IDEDistributionProcessingPipelineContext: 0x35dcd1760; archive(resolved)="<IDEArchive: 0x60008ee93870>", distributionTask(resolved)="2", distributionDestination(resolved)="1", distributionMethod(resolved)="<IDEDistributionMethodDeveloperID: 0x60000441feb0>", team(resolved)="<IDEProvisioningDisambiguatableBasicTeam: 0x6000058a64c0; teamID='C8ZUL85WZM', teamName='THE PAROCHIAL CHURCH COUNCIL OF THE ECCLESIASTICAL PARISH OF ST. ANDREW, RUGBY', teamType='Company', username='ben.foster@rugbychurch.org.uk', isFreeProvisioningTeam='0'>">
	Chain (13, self inclusive):
	<IDEDistributionProcessingPipelineContext: 0x35dcd1760; archive = "<IDEArchive: 0x60008ee93870>", distributionMethod="<IDEDistributionMethodDeveloperID: 0x60000441feb0>", team="<IDEProvisioningDisambiguatableBasicTeam: 0x6000058a64c0; teamID='C8ZUL85WZM', teamName='THE PAROCHIAL CHURCH COUNCIL OF THE ECCLESIASTICAL PARISH OF ST. ANDREW, RUGBY', teamType='Company', username='ben.foster@rugbychurch.org.uk', isFreeProvisioningTeam='0'>">
	<IDEDistributionProcessingPipelineContext: 0x3c7621400; archive = "<IDEArchive: 0x60008ee93870>", distributionMethod="<IDEDistributionMethodDeveloperID: 0x60000441feb0>", team="<IDEProvisioningDisambiguatableBasicTeam: 0x6000058a64c0; teamID='C8ZUL85WZM', teamName='THE PAROCHIAL CHURCH COUNCIL OF THE ECCLESIASTICAL PARISH OF ST. ANDREW, RUGBY', teamType='Company', username='ben.foster@rugbychurch.org.uk', isFreeProvisioningTeam='0'>">
	<IDEDistributionContext: 0x3516bc210; archive = "<IDEArchive: 0x60008ee93870>", distributionMethod="<IDEDistributionMethodDeveloperID: 0x60000441feb0>", team="<IDEProvisioningDisambiguatableBasicTeam: 0x6000058a64c0; teamID='C8ZUL85WZM', teamName='THE PAROCHIAL CHURCH COUNCIL OF THE ECCLESIASTICAL PARISH OF ST. ANDREW, RUGBY', teamType='Company', username='ben.foster@rugbychurch.org.uk', isFreeProvisioningTeam='0'>">
	<IDEDistributionContext: 0x3b3423740; archive = "<IDEArchive: 0x60008ee93870>", distributionMethod="<IDEDistributionMethodDeveloperID: 0x60000441feb0>", team="<IDEProvisioningDisambiguatableBasicTeam: 0x6000058a64c0; teamID='C8ZUL85WZM', teamName='THE PAROCHIAL CHURCH COUNCIL OF THE ECCLESIASTICAL PARISH OF ST. ANDREW, RUGBY', teamType='Company', username='ben.foster@rugbychurch.org.uk', isFreeProvisioningTeam='0'>">
	<IDEDistributionContext: 0x1124a5ef0; archive = "<IDEArchive: 0x60008ee93870>", distributionMethod="<IDEDistributionMethodDeveloperID: 0x60000441feb0>", team="<IDEProvisioningDisambiguatableBasicTeam: 0x6000058a64c0; teamID='C8ZUL85WZM', teamName='THE PAROCHIAL CHURCH COUNCIL OF THE ECCLESIASTICAL PARISH OF ST. ANDREW, RUGBY', teamType='Company', username='ben.foster@rugbychurch.org.uk', isFreeProvisioningTeam='0'>">
	<IDEDistributionContext: 0x351692930; archive = "<IDEArchive: 0x60008ee93870>", distributionMethod="<IDEDistributionMethodDeveloperID: 0x60000441feb0>", team="<IDEProvisioningDisambiguatableBasicTeam: 0x6000058a64c0; teamID='C8ZUL85WZM', teamName='THE PAROCHIAL CHURCH COUNCIL OF THE ECCLESIASTICAL PARISH OF ST. ANDREW, RUGBY', teamType='Company', username='ben.foster@rugbychurch.org.uk', isFreeProvisioningTeam='0'>">
	<IDEDistributionContext: 0x35161d010; archive = "<IDEArchive: 0x60008ee93870>", distributionMethod="<IDEDistributionMethodDeveloperID: 0x60000441feb0>", team="<IDEProvisioningDisambiguatableBasicTeam: 0x6000058a64c0; teamID='C8ZUL85WZM', teamName='THE PAROCHIAL CHURCH COUNCIL OF THE ECCLESIASTICAL PARISH OF ST. ANDREW, RUGBY', teamType='Company', username='ben.foster@rugbychurch.org.uk', isFreeProvisioningTeam='0'>">
	<IDEDistributionContext: 0x35161ce00; archive = "<IDEArchive: 0x60008ee93870>", distributionMethod="<IDEDistributionMethodDeveloperID: 0x60000441feb0>", team="<IDEProvisioningDisambiguatableBasicTeam: 0x6000058a64c0; teamID='C8ZUL85WZM', teamName='THE PAROCHIAL CHURCH COUNCIL OF THE ECCLESIASTICAL PARISH OF ST. ANDREW, RUGBY', teamType='Company', username='ben.foster@rugbychurch.org.uk', isFreeProvisioningTeam='0'>">
	<IDEDistributionContext: 0x351619f60; archive = "<IDEArchive: 0x60008ee93870>", distributionMethod="<IDEDistributionMethodDeveloperID: 0x60000441feb0>", team="<IDEProvisioningDisambiguatableBasicTeam: 0x6000058a64c0; teamID='C8ZUL85WZM', teamName='THE PAROCHIAL CHURCH COUNCIL OF THE ECCLESIASTICAL PARISH OF ST. ANDREW, RUGBY', teamType='Company', username='ben.foster@rugbychurch.org.uk', isFreeProvisioningTeam='0'>">
	<IDEDistributionContext: 0x3516157f0; archive = "<IDEArchive: 0x60008ee93870>", distributionMethod="<IDEDistributionMethodDeveloperID: 0x60000441feb0>", team="(null)">
	<IDEDistributionContext: 0x141e73790; archive = "<IDEArchive: 0x60008ee93870>", distributionMethod="<IDEDistributionMethodDeveloperID: 0x60000441feb0>", team="(null)">
	<IDEDistributionContext: 0x3af066f60; archive = "<IDEArchive: 0x60008ee93870>", distributionMethod="(null)", team="(null)">
	<IDEDistributionContext: 0x3af744560; archive = "<IDEArchive: 0x60008ee93870>", distributionMethod="(null)", team="(null)">
</IDEDistributionProcessingPipelineContext: 0x35dcd1760>
2026-05-18 6:59:04 am +0000  Processing step: IDEDistributionCreateDestRootStep
2026-05-18 6:59:04 am +0000  Processing step: IDEDistributionCopyItemStep
2026-05-18 6:59:04 am +0000  Running /usr/bin/ditto '-V' '/Users/Ben/Library/Developer/Xcode/Archives/2026-05-18/prodwatch 18-05-2026, 7.32 am.xcarchive/Products/Applications/prodwatch.app' '/var/folders/m8/4d_hgc3963b82x8y1dx4t_bm0000gq/T/XcodeDistPipeline.~~~AiVE9C/Root/Applications/prodwatch.app'
2026-05-18 6:59:04 am +0000  >>> Copying /Users/Ben/Library/Developer/Xcode/Archives/2026-05-18/prodwatch 18-05-2026, 7.32 am.xcarchive/Products/Applications/prodwatch.app 
2026-05-18 6:59:04 am +0000  copying file ./Contents/_CodeSignature/CodeResources ... 
2026-05-18 6:59:04 am +0000  2676 bytes for ./Contents/_CodeSignature/CodeResources
2026-05-18 6:59:04 am +0000  copying file ./Contents/MacOS/prodwatch ... 
2026-05-18 6:59:04 am +0000  1260992 bytes for ./Contents/MacOS/prodwatch
2026-05-18 6:59:04 am +0000  copying file ./Contents/Resources/Assets.car ... 
2026-05-18 6:59:04 am +0000  2230232 bytes for ./Contents/Resources/Assets.car
2026-05-18 6:59:04 am +0000  copying file ./Contents/Resources/prodwatch.icns ... 
2026-05-18 6:59:04 am +0000  55477 bytes for ./Contents/Resources/prodwatch.icns
2026-05-18 6:59:04 am +0000  copying file ./Contents/Info.plist ... 
2026-05-18 6:59:04 am +0000  1644 bytes for ./Contents/Info.plist
2026-05-18 6:59:04 am +0000  copying file ./Contents/PkgInfo ... 
2026-05-18 6:59:04 am +0000  8 bytes for ./Contents/PkgInfo
2026-05-18 6:59:04 am +0000  /usr/bin/ditto exited with 0
2026-05-18 6:59:04 am +0000  Processing step: IDEDistributionEmbedProfileStep
2026-05-18 6:59:04 am +0000  Skipping profile for item: <IDEDistributionItem: 0x600082340ba0; bundleID='sta.prodwatch', path='<DVTFilePath:0x6000823eac40:'/Users/Ben/Library/Developer/Xcode/Archives/2026-05-18/prodwatch 18-05-2026, 7.32 am.xcarchive/Products/Applications/prodwatch.app'>', codeSigningInfo='<_DVTCodeSigningInformation_Path: 0x600082341ce0; isSigned='1', isAdHocSigned='0', signingCertificate='<DVTSigningCertificate: 0x60001339e340; name='Apple Development: Ben Foster (CWZSMJ4H9G)', hash='3E975493C4BC35450DB46BDECBD7604B5D928FB6', serialNumber='6F9D6BE9DA937F98A393079AF7D7678', certificateKinds='(
    "1.2.840.113635.100.6.1.12",
    "1.2.840.113635.100.6.1.2"
), issueDate='2026-03-24 1:30:48 pm +0000''>', entitlements='{
}', teamID='C8ZUL85WZM', identifier='sta.prodwatch', executablePath='<DVTFilePath:0x60008a3698c0:'/Users/Ben/Library/Developer/Xcode/Archives/2026-05-18/prodwatch 18-05-2026, 7.32 am.xcarchive/Products/Applications/prodwatch.app/Contents/MacOS/prodwatch'>', hardenedRuntime='1'>'>
2026-05-18 6:59:04 am +0000  Processing step: IDEDistributionInfoPlistStep
2026-05-18 6:59:04 am +0000  Skipping step: IDEDistributionInfoPlistStep because it said so
2026-05-18 6:59:04 am +0000  Processing step: IDEDistributionAppThinningPlistStep
2026-05-18 6:59:04 am +0000  Processing step: IDEDistributionSymbolsStep
2026-05-18 6:59:04 am +0000  Skipping step: IDEDistributionSymbolsStep because it said so
2026-05-18 6:59:04 am +0000  Processing step: IDEDistributionAppThinningStep
2026-05-18 6:59:04 am +0000  Skipping step: IDEDistributionAppThinningStep because it said so
2026-05-18 6:59:04 am +0000  Processing step: IDEDistributionArchThinningStep
2026-05-18 6:59:04 am +0000  Archs to thin for item /Users/Ben/Library/Developer/Xcode/Archives/2026-05-18/prodwatch 18-05-2026, 7.32 am.xcarchive/Products/Applications/prodwatch.app are []
2026-05-18 6:59:04 am +0000  Processing step: IDEDistributionODRStep
2026-05-18 6:59:04 am +0000  Processing step: IDEDistributionStripXattrsStep
2026-05-18 6:59:04 am +0000  Skipping stripping extended attributes because the codesign step will strip them.
2026-05-18 6:59:04 am +0000  Processing step: IDEDistributionCodesignStep
2026-05-18 6:59:04 am +0000  Entitlements for <IDEDistributionItem: 0x600082340ba0; bundleID='sta.prodwatch', path='<DVTFilePath:0x6000823eac40:'/Users/Ben/Library/Developer/Xcode/Archives/2026-05-18/prodwatch 18-05-2026, 7.32 am.xcarchive/Products/Applications/prodwatch.app'>', codeSigningInfo='<_DVTCodeSigningInformation_Path: 0x600082341ce0; isSigned='1', isAdHocSigned='0', signingCertificate='<DVTSigningCertificate: 0x6000133fdf80; name='Apple Development: Ben Foster (CWZSMJ4H9G)', hash='3E975493C4BC35450DB46BDECBD7604B5D928FB6', serialNumber='6F9D6BE9DA937F98A393079AF7D7678', certificateKinds='(
    "1.2.840.113635.100.6.1.12",
    "1.2.840.113635.100.6.1.2"
), issueDate='2026-03-24 1:30:48 pm +0000''>', entitlements='{
}', teamID='C8ZUL85WZM', identifier='sta.prodwatch', executablePath='<DVTFilePath:0x60008a3698c0:'/Users/Ben/Library/Developer/Xcode/Archives/2026-05-18/prodwatch 18-05-2026, 7.32 am.xcarchive/Products/Applications/prodwatch.app/Contents/MacOS/prodwatch'>', hardenedRuntime='1'>'>: {
}
2026-05-18 6:59:04 am +0000  Associated App Clip Identifiers Filter: Skipping because "com.apple.developer.associated-appclip-app-identifiers" is not present
2026-05-18 6:59:04 am +0000  Entitlements for <IDEDistributionItem: 0x600082340ba0; bundleID='sta.prodwatch', path='<DVTFilePath:0x6000823eac40:'/Users/Ben/Library/Developer/Xcode/Archives/2026-05-18/prodwatch 18-05-2026, 7.32 am.xcarchive/Products/Applications/prodwatch.app'>', codeSigningInfo='<_DVTCodeSigningInformation_Path: 0x600082341ce0; isSigned='1', isAdHocSigned='0', signingCertificate='<DVTSigningCertificate: 0x60001339e340; name='Apple Development: Ben Foster (CWZSMJ4H9G)', hash='3E975493C4BC35450DB46BDECBD7604B5D928FB6', serialNumber='6F9D6BE9DA937F98A393079AF7D7678', certificateKinds='(
    "1.2.840.113635.100.6.1.12",
    "1.2.840.113635.100.6.1.2"
), issueDate='2026-03-24 1:30:48 pm +0000''>', entitlements='{
}', teamID='C8ZUL85WZM', identifier='sta.prodwatch', executablePath='<DVTFilePath:0x60008a3698c0:'/Users/Ben/Library/Developer/Xcode/Archives/2026-05-18/prodwatch 18-05-2026, 7.32 am.xcarchive/Products/Applications/prodwatch.app/Contents/MacOS/prodwatch'>', hardenedRuntime='1'>'> are: {
}
2026-05-18 6:59:04 am +0000  Writing entitlements for <IDEDistributionItem: 0x600082340ba0; bundleID='sta.prodwatch', path='<DVTFilePath:0x6000823eac40:'/Users/Ben/Library/Developer/Xcode/Archives/2026-05-18/prodwatch 18-05-2026, 7.32 am.xcarchive/Products/Applications/prodwatch.app'>', codeSigningInfo='<_DVTCodeSigningInformation_Path: 0x600082341ce0; isSigned='1', isAdHocSigned='0', signingCertificate='<DVTSigningCertificate: 0x60000fc7ccc0; name='Apple Development: Ben Foster (CWZSMJ4H9G)', hash='3E975493C4BC35450DB46BDECBD7604B5D928FB6', serialNumber='6F9D6BE9DA937F98A393079AF7D7678', certificateKinds='(
    "1.2.840.113635.100.6.1.12",
    "1.2.840.113635.100.6.1.2"
), issueDate='2026-03-24 1:30:48 pm +0000''>', entitlements='{
}', teamID='C8ZUL85WZM', identifier='sta.prodwatch', executablePath='<DVTFilePath:0x60008a3698c0:'/Users/Ben/Library/Developer/Xcode/Archives/2026-05-18/prodwatch 18-05-2026, 7.32 am.xcarchive/Products/Applications/prodwatch.app/Contents/MacOS/prodwatch'>', hardenedRuntime='1'>'> to: /var/folders/m8/4d_hgc3963b82x8y1dx4t_bm0000gq/T/XcodeDistPipeline.~~~AiVE9C/entitlements~~~D7ZRAA
2026-05-18 6:59:04 am +0000  invoking codesign: <NSConcreteTask: 0x6000320ed130; launchPath='/usr/bin/codesign', arguments='(
    "-f",
    "-s",
    2E20B4E906F99249578ECB16169F0D59CCDC6275,
    "--entitlements",
    "/var/folders/m8/4d_hgc3963b82x8y1dx4t_bm0000gq/T/XcodeDistPipeline.~~~AiVE9C/entitlements~~~D7ZRAA",
    "--requirements",
    "=designated => anchor apple generic  and identifier \"$self.identifier\" and ((cert leaf[field.1.2.840.113635.100.6.1.9] exists) or ( certificate 1[field.1.2.840.113635.100.6.2.6] exists and certificate leaf[field.1.2.840.113635.100.6.1.13] exists  and certificate leaf[subject.OU] = \"C8ZUL85WZM\" ))",
    "--preserve-metadata=identifier,flags,runtime,launch-constraints,library-constraints",
    "--generate-entitlement-der",
    "--strip-disallowed-xattrs",
    "-vvv",
    "/var/folders/m8/4d_hgc3963b82x8y1dx4t_bm0000gq/T/XcodeDistPipeline.~~~AiVE9C/Root/Applications/prodwatch.app"
)'>
2026-05-18 6:59:05 am +0000  codesign output: /var/folders/m8/4d_hgc3963b82x8y1dx4t_bm0000gq/T/XcodeDistPipeline.~~~AiVE9C/Root/Applications/prodwatch.app: replacing existing signature
/var/folders/m8/4d_hgc3963b82x8y1dx4t_bm0000gq/T/XcodeDistPipeline.~~~AiVE9C/Root/Applications/prodwatch.app: signed app bundle with Mach-O universal (x86_64 arm64) [sta.prodwatch]
2026-05-18 6:59:05 am +0000  Processing step: IDEDistributionZipODRItemStep
2026-05-18 6:59:05 am +0000  Skipping step: IDEDistributionZipODRItemStep because it said so
2026-05-18 6:59:05 am +0000  Processing step: IDEDistributionSkipPackagingStep
2026-05-18 6:59:05 am +0000  Processing step: IDEDistributionAppStoreInformationStep
2026-05-18 6:59:05 am +0000  Skipping step: IDEDistributionAppStoreInformationStep because it said so
2026-05-18 6:59:05 am +0000  Processing step: IDEDistributionGenerateProcessedDistributionItems
2026-05-18 6:59:05 am +0000  IDEDistributionItem init <DVTFilePath:0x6000823910e0:'/var/folders/m8/4d_hgc3963b82x8y1dx4t_bm0000gq/T/XcodeDistPipeline.~~~AiVE9C/Root/Applications/prodwatch.app'>
2026-05-18 6:59:05 am +0000  [OPTIONAL] Didn't find embedded provisioning profile for <DVTFilePath:0x6000823910e0:'/var/folders/m8/4d_hgc3963b82x8y1dx4t_bm0000gq/T/XcodeDistPipeline.~~~AiVE9C/Root/Applications/prodwatch.app'>: Error Domain=NSCocoaErrorDomain Code=4 "No file at <DVTFilePath:0x60008ee6a7d0:'/var/folders/m8/4d_hgc3963b82x8y1dx4t_bm0000gq/T/XcodeDistPipeline.~~~AiVE9C/Root/Applications/prodwatch.app/Contents/embedded.provisionprofile'>" UserInfo={NSLocalizedDescription=No file at <DVTFilePath:0x60008ee6a7d0:'/var/folders/m8/4d_hgc3963b82x8y1dx4t_bm0000gq/T/XcodeDistPipeline.~~~AiVE9C/Root/Applications/prodwatch.app/Contents/embedded.provisionprofile'>}
2026-05-18 6:59:05 am +0000  Processing step: IDEDistributionCreateManifestStep
2026-05-18 6:59:05 am +0000  Skipping step: IDEDistributionCreateManifestStep because it said so
